0 info it worked if it ends with ok
1 verbose cli [ '/usr/local/Cellar/node/7.4.0/bin/node',
1 verbose cli   '/usr/local/bin/npm',
1 verbose cli   'run',
1 verbose cli   'dev' ]
2 info using npm@4.0.5
3 info using node@v7.4.0
4 verbose run-script [ 'predev', 'dev', 'postdev' ]
5 info lifecycle mod-flow-tool@0.0.1~predev: mod-flow-tool@0.0.1
6 silly lifecycle mod-flow-tool@0.0.1~predev: no script for predev, continuing
7 info lifecycle mod-flow-tool@0.0.1~dev: mod-flow-tool@0.0.1
8 verbose lifecycle mod-flow-tool@0.0.1~dev: unsafe-perm in lifecycle true
9 verbose lifecycle mod-flow-tool@0.0.1~dev: PATH: /usr/local/lib/node_modules/npm/bin/node-gyp-bin:/Users/Catalin/IAA/Git/ModFlowTool/node_modules/.bin:/usr/local/bin:/usr/bin:/bin:/usr/sbin:/sbin:/Library/TeX/texbin
10 verbose lifecycle mod-flow-tool@0.0.1~dev: CWD: /Users/Catalin/IAA/Git/ModFlowTool
11 silly lifecycle mod-flow-tool@0.0.1~dev: Args: [ '-c',
11 silly lifecycle   'webpack-dev-server --content-base dist --inline --hot' ]
12 silly lifecycle mod-flow-tool@0.0.1~dev: Returned: code: 1  signal: null
13 info lifecycle mod-flow-tool@0.0.1~dev: Failed to exec dev script
14 verbose stack Error: mod-flow-tool@0.0.1 dev: `webpack-dev-server --content-base dist --inline --hot`
14 verbose stack Exit status 1
14 verbose stack     at EventEmitter.<anonymous> (/usr/local/lib/node_modules/npm/lib/utils/lifecycle.js:279:16)
14 verbose stack     at emitTwo (events.js:106:13)
14 verbose stack     at EventEmitter.emit (events.js:191:7)
14 verbose stack     at ChildProcess.<anonymous> (/usr/local/lib/node_modules/npm/lib/utils/spawn.js:40:14)
14 verbose stack     at emitTwo (events.js:106:13)
14 verbose stack     at ChildProcess.emit (events.js:191:7)
14 verbose stack     at maybeClose (internal/child_process.js:885:16)
14 verbose stack     at Process.ChildProcess._handle.onexit (internal/child_process.js:226:5)
15 verbose pkgid mod-flow-tool@0.0.1
16 verbose cwd /Users/Catalin/IAA/Git/ModFlowTool
17 error Darwin 16.3.0
18 error argv "/usr/local/Cellar/node/7.4.0/bin/node" "/usr/local/bin/npm" "run" "dev"
19 error node v7.4.0
20 error npm  v4.0.5
21 error code ELIFECYCLE
22 error mod-flow-tool@0.0.1 dev: `webpack-dev-server --content-base dist --inline --hot`
22 error Exit status 1
23 error Failed at the mod-flow-tool@0.0.1 dev script 'webpack-dev-server --content-base dist --inline --hot'.
23 error Make sure you have the latest version of node.js and npm installed.
23 error If you do, this is most likely a problem with the mod-flow-tool package,
23 error not with npm itself.
23 error Tell the author that this fails on your system:
23 error     webpack-dev-server --content-base dist --inline --hot
23 error You can get information on how to open an issue for this project with:
23 error     npm bugs mod-flow-tool
23 error Or if that isn't available, you can get their info via:
23 error     npm owner ls mod-flow-tool
23 error There is likely additional logging output above.
24 verbose exit [ 1, true ]
